build/outputs/logs/manifest-merger-release-report.txt
-- Merging decision tree log ---
manifest
ADDED from Swara-App\Swara-Appv2\AndroidManifest.xml:2:1-162:12
INJECTED from Swara-App\Swara-Appv2\AndroidManifest.xml:2:1-162:12
INJECTED from Swara-App\Swara-Appv2\AndroidManifest.xml:2:1-162:12
MERGED from [com.google.android.gms:play-services-analytics:12.0.1] AndroidManifest.xml:17:1-47:12
MERGED from [com.google.android.gms:play-services-auth:12.0.1] AndroidManifest.xml:17:1-39:12
MERGED from [com.android.support.constraint:constraint-layout:1.0.2] AndroidManifest.xml:2:1-11:12
MERGED from [com.android.support:design:26.1.0] AndroidManifest.xml:17:1-31:12
MERGED from [com.android.support:appcompat-v7:26.1.0] AndroidManifest.xml:17:1-31:12
MERGED from [ch.acra:acra:4.9.0] AndroidManifest.xml:10:6-44:12
MERGED from [com.google.android.gms:play-services-tagmanager-v4-impl:12.0.1] AndroidManifest.xml:17:1-24:12
MERGED from [com.google.android.gms:play-services-analytics-impl:12.0.1] AndroidManifest.xml:17:1-31:12
MERGED from [com.google.android.gms:play-services-auth-api-phone:12.0.1] AndroidManifest.xml:2:1-7:12
MERGED from [com.google.android.gms:play-services-auth-base:12.0.1] AndroidManifest.xml:2:1-7:12
MERGED from [com.google.android.gms:play-services-base:12.0.1] AndroidManifest.xml:17:1-29:12
MERGED from [com.google.android.gms:play-services-tasks:12.0.1] AndroidManifest.xml:2:1-9:12
MERGED from [com.google.android.gms:play-services-basement:12.0.1] AndroidManifest.xml:17:1-28:12
MERGED from [com.android.support:transition:26.1.0] AndroidManifest.xml:17:1-28:12
MERGED from [com.android.support:support-v4:26.1.0] AndroidManifest.xml:17:1-31:12
MERGED from [com.android.support:recyclerview-v7:26.1.0] AndroidManifest.xml:17:1-28:12
MERGED from [com.android.support:animated-vector-drawable:26.1.0] AndroidManifest.xml:17:1-28:12
MERGED from [com.android.support:support-fragment:26.1.0] AndroidManifest.xml:17:1-31:12
MERGED from [com.android.support:support-core-ui:26.1.0] AndroidManifest.xml:17:1-31:12
MERGED from [com.android.support:support-vector-drawable:26.1.0] AndroidManifest.xml:17:1-28:12
MERGED from [com.android.support:support-media-compat:26.1.0] AndroidManifest.xml:17:1-31:12
MERGED from [com.android.support:support-core-utils:26.1.0] AndroidManifest.xml:17:1-31:12
MERGED from [com.android.support:support-compat:26.1.0] AndroidManifest.xml:17:1-31:12
MERGED from [com.android.volley:volley:1.1.1] AndroidManifest.xml:2:1-11:12
MERGED from [:sneakernetcommon] AndroidManifest.xml:2:1-63:12
MERGED from [com.google.android.gms:play-services-analytics-license:12.0.1] AndroidManifest.xml:17:1-24:12
MERGED from [com.google.android.gms:play-services-analytics-impl-license:12.0.1] AndroidManifest.xml:17:1-24:12
MERGED from [com.google.android.gms:play-services-base-license:12.0.1] AndroidManifest.xml:17:1-24:12
MERGED from [com.google.android.gms:play-services-basement-license:12.0.1] AndroidManifest.xml:17:1-24:12
MERGED from [com.google.android.gms:play-services-tagmanager-v4-impl-license:12.0.1] AndroidManifest.xml:17:1-24:12
MERGED from [com.google.android.gms:play-services-auth-api-phone-license:12.0.1] AndroidManifest.xml:17:1-24:12
MERGED from [com.google.android.gms:play-services-auth-base-license:12.0.1] AndroidManifest.xml:17:1-24:12
MERGED from [com.google.android.gms:play-services-tasks-license:12.0.1] AndroidManifest.xml:17:1-24:12
MERGED from [android.arch.lifecycle:runtime:1.0.0] AndroidManifest.xml:17:1-30:12
INJECTED from Swara-App\Swara-Appv2\AndroidManifest.xml:2:1-162:12
INJECTED from Swara-App\Swara-Appv2\AndroidManifest.xml:2:1-162:12
	package
		ADDED from Swara-App\Swara-Appv2\AndroidManifest.xml:4:5-31
	android:versionName
		INJECTED from Swara-App\Swara-Appv2\AndroidManifest.xml
		ADDED from Swara-App\Swara-Appv2\AndroidManifest.xml:2:1-162:12
		INJECTED from Swara-App\Swara-Appv2\AndroidManifest.xml
	xmlns:tools
		ADDED from Swara-App\Swara-Appv2\AndroidManifest.xml:3:5-51
	android:versionCode
		INJECTED from Swara-App\Swara-Appv2\AndroidManifest.xml
		ADDED from Swara-App\Swara-Appv2\AndroidManifest.xml:2:1-162:12
		INJECTED from Swara-App\Swara-Appv2\AndroidManifest.xml
	xmlns:android
		ADDED from Swara-App\Swara-Appv2\AndroidManifest.xml:2:11-69
	android:installLocation
		ADDED from Swara-App\Swara-Appv2\AndroidManifest.xml:5:5-35
uses-permission#android.permission.INTERNET
ADDED from Swara-App\Swara-Appv2\AndroidManifest.xml:7:5-67
MERGED from [com.google.android.gms:play-services-analytics:12.0.1] AndroidManifest.xml:23:5-67
MERGED from [com.google.android.gms:play-services-analytics:12.0.1] AndroidManifest.xml:23:5-67
MERGED from [com.google.android.gms:play-services-analytics-impl:12.0.1] AndroidManifest.xml:23:5-67
MERGED from [com.google.android.gms:play-services-analytics-impl:12.0.1] AndroidManifest.xml:23:5-67
MERGED from [:sneakernetcommon] AndroidManifest.xml:39:5-41:35
MERGED from [:sneakernetcommon] AndroidManifest.xml:39:5-41:35
	android:required
		ADDED from [:sneakernetcommon] AndroidManifest.xml:41:9-32
	android:name
		ADDED from Swara-App\Swara-Appv2\AndroidManifest.xml:7:22-64
uses-permission#android.permission.VIBRATE
ADDED from Swara-App\Swara-Appv2\AndroidManifest.xml:8:5-66
	android:name
		ADDED from Swara-App\Swara-Appv2\AndroidManifest.xml:8:22-63
uses-permission#android.permission.ACCESS_NETWORK_STATE
ADDED from Swara-App\Swara-Appv2\AndroidManifest.xml:9:5-79
MERGED from [com.google.android.gms:play-services-analytics:12.0.1] AndroidManifest.xml:24:5-79
MERGED from [com.google.android.gms:play-services-analytics:12.0.1] AndroidManifest.xml:24:5-79
MERGED from [com.google.android.gms:play-services-analytics-impl:12.0.1] AndroidManifest.xml:24:5-79
MERGED from [com.google.android.gms:play-services-analytics-impl:12.0.1] AndroidManifest.xml:24:5-79
MERGED from [:sneakernetcommon] AndroidManifest.xml:53:5-55:36
MERGED from [:sneakernetcommon] AndroidManifest.xml:53:5-55:36
	android:required
		ADDED from [:sneakernetcommon] AndroidManifest.xml:55:9-33
	android:name
		ADDED from Swara-App\Swara-Appv2\AndroidManifest.xml:9:22-76
uses-permission#android.permission.ACCESS_FINE_LOCATION
ADDED from Swara-App\Swara-Appv2\AndroidManifest.xml:10:5-79
MERGED from [:sneakernetcommon] AndroidManifest.xml:42:5-44:35
MERGED from [:sneakernetcommon] AndroidManifest.xml:42:5-44:35
	android:required
		ADDED from [:sneakernetcommon] AndroidManifest.xml:44:9-32
	android:name
		ADDED from Swara-App\Swara-Appv2\AndroidManifest.xml:10:22-76
uses-permission#android.permission.ACCESS_COARSE_LOCATION
ADDED from Swara-App\Swara-Appv2\AndroidManifest.xml:11:5-81
	android:name
		ADDED from Swara-App\Swara-Appv2\AndroidManifest.xml:11:22-78
uses-permission#android.permission.WRITE_EXTERNAL_STORAGE
ADDED from Swara-App\Swara-Appv2\AndroidManifest.xml:12:5-81
MERGED from [:sneakernetcommon] AndroidManifest.xml:36:5-38:35
MERGED from [:sneakernetcommon] AndroidManifest.xml:36:5-38:35
	android:required
		ADDED from [:sneakernetcommon] AndroidManifest.xml:38:9-32
	android:name
		ADDED from Swara-App\Swara-Appv2\AndroidManifest.xml:12:22-78
uses-permission#android.permission.RECEIVE_BOOT_COMPLETED
ADDED from Swara-App\Swara-Appv2\AndroidManifest.xml:13:5-81
MERGED from [:sneakernetcommon] AndroidManifest.xml:27:5-29:36
MERGED from [:sneakernetcommon] AndroidManifest.xml:27:5-29:36
	android:required
		ADDED from [:sneakernetcommon] AndroidManifest.xml:29:9-33
	android:name
		ADDED from Swara-App\Swara-Appv2\AndroidManifest.xml:13:22-78
uses-permission#android.permission.RECORD_AUDIO
ADDED from Swara-App\Swara-Appv2\AndroidManifest.xml:14:5-71
MERGED from [:sneakernetcommon] AndroidManifest.xml:45:5-47:36
MERGED from [:sneakernetcommon] AndroidManifest.xml:45:5-47:36
	android:required
		ADDED from [:sneakernetcommon] AndroidManifest.xml:47:9-33
	android:name
		ADDED from Swara-App\Swara-Appv2\AndroidManifest.xml:14:22-68
uses-permission#android.permission.READ_PHONE_STATE
ADDED from Swara-App\Swara-Appv2\AndroidManifest.xml:15:5-75
	android:name
		ADDED from Swara-App\Swara-Appv2\AndroidManifest.xml:15:22-72
uses-permission#android.permission.READ_EXTERNAL_STORAGE
ADDED from Swara-App\Swara-Appv2\AndroidManifest.xml:16:5-80
MERGED from [:sneakernetcommon] AndroidManifest.xml:33:5-35:35
MERGED from [:sneakernetcommon] AndroidManifest.xml:33:5-35:35
	android:required
		ADDED from [:sneakernetcommon] AndroidManifest.xml:35:9-32
	android:name
		ADDED from Swara-App\Swara-Appv2\AndroidManifest.xml:16:22-77
uses-permission#android.permission.WAKE_LOCK
ADDED from Swara-App\Swara-Appv2\AndroidManifest.xml:17:2-65
MERGED from [com.google.android.gms:play-services-analytics:12.0.1] AndroidManifest.xml:27:5-68
MERGED from [com.google.android.gms:play-services-analytics:12.0.1] AndroidManifest.xml:27:5-68
MERGED from [com.google.android.gms:play-services-analytics-impl:12.0.1] AndroidManifest.xml:27:5-68
MERGED from [com.google.android.gms:play-services-analytics-impl:12.0.1] AndroidManifest.xml:27:5-68
MERGED from [:sneakernetcommon] AndroidManifest.xml:30:5-32:36
MERGED from [:sneakernetcommon] AndroidManifest.xml:30:5-32:36
	android:required
		ADDED from [:sneakernetcommon] AndroidManifest.xml:32:9-33
	android:name
		ADDED from Swara-App\Swara-Appv2\AndroidManifest.xml:17:19-62
uses-permission#android.permission.BLUETOOTH
ADDED from Swara-App\Swara-Appv2\AndroidManifest.xml:18:5-68
MERGED from [:sneakernetcommon] AndroidManifest.xml:18:5-20:35
MERGED from [:sneakernetcommon] AndroidManifest.xml:18:5-20:35
	android:required
		ADDED from [:sneakernetcommon] AndroidManifest.xml:20:9-32
	android:name
		ADDED from Swara-App\Swara-Appv2\AndroidManifest.xml:18:22-65
uses-permission#android.permission.BLUETOOTH_ADMIN
ADDED from Swara-App\Swara-Appv2\AndroidManifest.xml:19:5-74
	android:name
		ADDED from Swara-App\Swara-Appv2\AndroidManifest.xml:19:22-71
application
ADDED from Swara-App\Swara-Appv2\AndroidManifest.xml:21:5-160:19
MERGED from [com.google.android.gms:play-services-analytics:12.0.1] AndroidManifest.xml:29:5-45:19
MERGED from [com.google.android.gms:play-services-analytics:12.0.1] AndroidManifest.xml:29:5-45:19
MERGED from [com.google.android.gms:play-services-auth:12.0.1] AndroidManifest.xml:22:5-37:19
MERGED from [com.google.android.gms:play-services-auth:12.0.1] AndroidManifest.xml:22:5-37:19
MERGED from [com.android.support.constraint:constraint-layout:1.0.2] AndroidManifest.xml:9:5-20
MERGED from [com.android.support.constraint:constraint-layout:1.0.2] AndroidManifest.xml:9:5-20
MERGED from [com.android.support:design:26.1.0] AndroidManifest.xml:25:5-29:19
MERGED from [com.android.support:design:26.1.0] AndroidManifest.xml:25:5-29:19
MERGED from [com.android.support:appcompat-v7:26.1.0] AndroidManifest.xml:25:5-29:19
MERGED from [com.android.support:appcompat-v7:26.1.0] AndroidManifest.xml:25:5-29:19
MERGED from [ch.acra:acra:4.9.0] AndroidManifest.xml:39:5-43:19
MERGED from [ch.acra:acra:4.9.0] AndroidManifest.xml:39:5-43:19
MERGED from [com.google.android.gms:play-services-tagmanager-v4-impl:12.0.1] AndroidManifest.xml:22:5-20
MERGED from [com.google.android.gms:play-services-tagmanager-v4-impl:12.0.1] AndroidManifest.xml:22:5-20
MERGED from [com.google.android.gms:play-services-analytics-impl:12.0.1] AndroidManifest.xml:29:5-20
MERGED from [com.google.android.gms:play-services-analytics-impl:12.0.1] AndroidManifest.xml:29:5-20
MERGED from [com.google.android.gms:play-services-base:12.0.1] AndroidManifest.xml:22:5-27:19
MERGED from [com.google.android.gms:play-services-base:12.0.1] AndroidManifest.xml:22:5-27:19
MERGED from [com.google.android.gms:play-services-tasks:12.0.1] AndroidManifest.xml:7:5-20
MERGED from [com.google.android.gms:play-services-tasks:12.0.1] AndroidManifest.xml:7:5-20
MERGED from [com.google.android.gms:play-services-basement:12.0.1] AndroidManifest.xml:22:5-26:19
MERGED from [com.google.android.gms:play-services-basement:12.0.1] AndroidManifest.xml:22:5-26:19
MERGED from [com.android.support:transition:26.1.0] AndroidManifest.xml:22:5-26:19
MERGED from [com.android.support:transition:26.1.0] AndroidManifest.xml:22:5-26:19
MERGED from [com.android.support:support-v4:26.1.0] AndroidManifest.xml:25:5-29:19
MERGED from [com.android.support:support-v4:26.1.0] AndroidManifest.xml:25:5-29:19
MERGED from [com.android.support:recyclerview-v7:26.1.0] AndroidManifest.xml:22:5-26:19
MERGED from [com.android.support:recyclerview-v7:26.1.0] AndroidManifest.xml:22:5-26:19
MERGED from [com.android.support:animated-vector-drawable:26.1.0] AndroidManifest.xml:22:5-26:19
MERGED from [com.android.support:animated-vector-drawable:26.1.0] AndroidManifest.xml:22:5-26:19
MERGED from [com.android.support:support-fragment:26.1.0] AndroidManifest.xml:25:5-29:19
MERGED from [com.android.support:support-fragment:26.1.0] AndroidManifest.xml:25:5-29:19
MERGED from [com.android.support:support-core-ui:26.1.0] AndroidManifest.xml:25:5-29:19
MERGED from [com.android.support:support-core-ui:26.1.0] AndroidManifest.xml:25:5-29:19
MERGED from [com.android.support:support-vector-drawable:26.1.0] AndroidManifest.xml:22:5-26:19
MERGED from [com.android.support:support-vector-drawable:26.1.0] AndroidManifest.xml:22:5-26:19
MERGED from [com.android.support:support-media-compat:26.1.0] AndroidManifest.xml:25:5-29:19
MERGED from [com.android.support:support-media-compat:26.1.0] AndroidManifest.xml:25:5-29:19
MERGED from [com.android.support:support-core-utils:26.1.0] AndroidManifest.xml:25:5-29:19
MERGED from [com.android.support:support-core-utils:26.1.0] AndroidManifest.xml:25:5-29:19
MERGED from [com.android.support:support-compat:26.1.0] AndroidManifest.xml:25:5-29:19
MERGED from [com.android.support:support-compat:26.1.0] AndroidManifest.xml:25:5-29:19
MERGED from [com.android.volley:volley:1.1.1] AndroidManifest.xml:9:5-20
MERGED from [com.android.volley:volley:1.1.1] AndroidManifest.xml:9:5-20
MERGED from [:sneakernetcommon] AndroidManifest.xml:57:5-61:47
MERGED from [:sneakernetcommon] AndroidManifest.xml:57:5-61:47
MERGED from [com.google.android.gms:play-services-analytics-license:12.0.1] AndroidManifest.xml:22:5-20
MERGED from [com.google.android.gms:play-services-analytics-license:12.0.1] AndroidManifest.xml:22:5-20
MERGED from [com.google.android.gms:play-services-analytics-impl-license:12.0.1] AndroidManifest.xml:22:5-20
MERGED from [com.google.android.gms:play-services-analytics-impl-license:12.0.1] AndroidManifest.xml:22:5-20
MERGED from [com.google.android.gms:play-services-base-license:12.0.1] AndroidManifest.xml:22:5-20
MERGED from [com.google.android.gms:play-services-base-license:12.0.1] AndroidManifest.xml:22:5-20
MERGED from [com.google.android.gms:play-services-basement-license:12.0.1] AndroidManifest.xml:22:5-20
MERGED from [com.google.android.gms:play-services-basement-license:12.0.1] AndroidManifest.xml:22:5-20
MERGED from [com.google.android.gms:play-services-tagmanager-v4-impl-license:12.0.1] AndroidManifest.xml:22:5-20
MERGED from [com.google.android.gms:play-services-tagmanager-v4-impl-license:12.0.1] AndroidManifest.xml:22:5-20
MERGED from [com.google.android.gms:play-services-auth-api-phone-license:12.0.1] AndroidManifest.xml:22:5-20
MERGED from [com.google.android.gms:play-services-auth-api-phone-license:12.0.1] AndroidManifest.xml:22:5-20
MERGED from [com.google.android.gms:play-services-auth-base-license:12.0.1] AndroidManifest.xml:22:5-20
MERGED from [com.google.android.gms:play-services-auth-base-license:12.0.1] AndroidManifest.xml:22:5-20
MERGED from [com.google.android.gms:play-services-tasks-license:12.0.1] AndroidManifest.xml:22:5-20
MERGED from [com.google.android.gms:play-services-tasks-license:12.0.1] AndroidManifest.xml:22:5-20
MERGED from [android.arch.lifecycle:runtime:1.0.0] AndroidManifest.xml:24:5-28:19
MERGED from [android.arch.lifecycle:runtime:1.0.0] AndroidManifest.xml:24:5-28:19
	android:supportsRtl
		ADDED from [:sneakernetcommon] AndroidManifest.xml:60:9-35
	android:label
		ADDED from Swara-App\Swara-Appv2\AndroidManifest.xml:26:9-41
	android:icon
		ADDED from Swara-App\Swara-Appv2\AndroidManifest.xml:25:9-48
	android:allowBackup
		ADDED from Swara-App\Swara-Appv2\AndroidManifest.xml:24:9-35
		REJECTED from [:sneakernetcommon] AndroidManifest.xml:58:9-36
	android:theme
		ADDED from Swara-App\Swara-Appv2\AndroidManifest.xml:27:9-43
	tools:replace
		ADDED from Swara-App\Swara-Appv2\AndroidManifest.xml:28:9-44
	android:usesCleartextTraffic
		ADDED from Swara-App\Swara-Appv2\AndroidManifest.xml:23:9-44
	android:name
		ADDED from Swara-App\Swara-Appv2\AndroidManifest.xml:22:9-56
uses-library#org.apache.http.legacy
ADDED from Swara-App\Swara-Appv2\AndroidManifest.xml:29:9-88
	android:required
		ADDED from Swara-App\Swara-Appv2\AndroidManifest.xml:29:61-85
	android:name
		ADDED from Swara-App\Swara-Appv2\AndroidManifest.xml:29:23-60
service#org.cgnet.swara2.service.RefreshService
ADDED from Swara-App\Swara-Appv2\AndroidManifest.xml:30:9-75
	android:name
		ADDED from Swara-App\Swara-Appv2\AndroidManifest.xml:30:18-72
service#org.cgnet.swara2.service.FetcherService
ADDED from Swara-App\Swara-Appv2\AndroidManifest.xml:31:9-75
	android:name
		ADDED from Swara-App\Swara-Appv2\AndroidManifest.xml:31:18-72
provider#org.cgnet.swara2.provider.FeedDataContentProvider
ADDED from Swara-App\Swara-Appv2\AndroidManifest.xml:33:9-36:39
	android:authorities
		ADDED from Swara-App\Swara-Appv2\AndroidManifest.xml:35:13-68
	android:exported
		ADDED from Swara-App\Swara-Appv2\AndroidManifest.xml:36:13-36
	android:name
		ADDED from Swara-App\Swara-Appv2\AndroidManifest.xml:34:13-77
activity#org.cgnet.swara2.activity.HomeActivity
ADDED from Swara-App\Swara-Appv2\AndroidManifest.xml:38:9-41:20
	android:label
		ADDED from Swara-App\Swara-Appv2\AndroidManifest.xml:40:13-45
	android:name
		ADDED from Swara-App\Swara-Appv2\AndroidManifest.xml:39:13-66
activity#org.cgnet.swara2.activity.EditFeedsListActivity
ADDED from Swara-App\Swara-Appv2\AndroidManifest.xml:51:9-54:47
	android:label
		ADDED from Swara-App\Swara-Appv2\AndroidManifest.xml:53:13-42
	android:launchMode
		ADDED from Swara-App\Swara-Appv2\AndroidManifest.xml:54:13-44
	android:name
		ADDED from Swara-App\Swara-Appv2\AndroidManifest.xml:52:13-75
activity#org.cgnet.swara2.activity.EntryActivity
ADDED from Swara-App\Swara-Appv2\AndroidManifest.xml:56:9-65:20
	android:launchMode
		ADDED from Swara-App\Swara-Appv2\AndroidManifest.xml:59:13-44
	android:configChanges
		ADDED from Swara-App\Swara-Appv2\AndroidManifest.xml:58:13-59
	android:name
		ADDED from Swara-App\Swara-Appv2\AndroidManifest.xml:57:13-67
intent-filter#action:name:android.intent.action.VIEW+category:name:android.intent.category.DEFAULT+data:mimeType:vnd.android.cursor.item/vnd.feedex.entry
ADDED from Swara-App\Swara-Appv2\AndroidManifest.xml:60:13-64:29
action#android.intent.action.VIEW
ADDED from Swara-App\Swara-Appv2\AndroidManifest.xml:61:17-69
	android:name
		ADDED from Swara-App\Swara-Appv2\AndroidManifest.xml:61:25-66
category#android.intent.category.DEFAULT
ADDED from Swara-App\Swara-Appv2\AndroidManifest.xml:62:17-76
	android:name
		ADDED from Swara-App\Swara-Appv2\AndroidManifest.xml:62:27-73
data
ADDED from Swara-App\Swara-Appv2\AndroidManifest.xml:63:17-85
	android:mimeType
		ADDED from Swara-App\Swara-Appv2\AndroidManifest.xml:63:23-82
activity#org.cgnet.swara2.activity.GeneralPrefsActivity
ADDED from Swara-App\Swara-Appv2\AndroidManifest.xml:67:9-70:47
	android:label
		ADDED from Swara-App\Swara-Appv2\AndroidManifest.xml:69:13-50
	android:launchMode
		ADDED from Swara-App\Swara-Appv2\AndroidManifest.xml:70:13-44
	android:name
		ADDED from Swara-App\Swara-Appv2\AndroidManifest.xml:68:13-74
activity#org.cgnet.swara2.activity.EditFeedActivity
ADDED from Swara-App\Swara-Appv2\AndroidManifest.xml:73:9-95:20
	android:name
		ADDED from Swara-App\Swara-Appv2\AndroidManifest.xml:73:19-76
intent-filter#action:name:android.intent.action.EDIT+category:name:android.intent.category.DEFAULT+data:mimeType:vnd.android.cursor.item/vnd.feedex.feed
ADDED from Swara-App\Swara-Appv2\AndroidManifest.xml:74:13-80:29
action#android.intent.action.EDIT
ADDED from Swara-App\Swara-Appv2\AndroidManifest.xml:75:17-69
	android:name
		ADDED from Swara-App\Swara-Appv2\AndroidManifest.xml:75:25-66
intent-filter#action:name:android.intent.action.INSERT+category:name:android.intent.category.DEFAULT+data:mimeType:vnd.android.cursor.dir/vnd.feedex.feed
ADDED from Swara-App\Swara-Appv2\AndroidManifest.xml:81:13-87:29
action#android.intent.action.INSERT
ADDED from Swara-App\Swara-Appv2\AndroidManifest.xml:82:17-71
	android:name
		ADDED from Swara-App\Swara-Appv2\AndroidManifest.xml:82:25-68
intent-filter#action:name:android.intent.action.SEND+category:name:android.intent.category.DEFAULT+data:mimeType:text/plain
ADDED from Swara-App\Swara-Appv2\AndroidManifest.xml:88:13-94:29
action#android.intent.action.SEND
ADDED from Swara-App\Swara-Appv2\AndroidManifest.xml:89:17-69
	android:name
		ADDED from Swara-App\Swara-Appv2\AndroidManifest.xml:89:25-66
receiver#org.cgnet.swara2.receiver.BootCompletedBroadcastReceiver
ADDED from Swara-App\Swara-Appv2\AndroidManifest.xml:99:9-103:20
	android:name
		ADDED from Swara-App\Swara-Appv2\AndroidManifest.xml:99:19-90
intent-filter#action:name:android.intent.action.BOOT_COMPLETED
ADDED from Swara-App\Swara-Appv2\AndroidManifest.xml:100:13-102:29
action#android.intent.action.BOOT_COMPLETED
ADDED from Swara-App\Swara-Appv2\AndroidManifest.xml:101:17-79
	android:name
		ADDED from Swara-App\Swara-Appv2\AndroidManifest.xml:101:25-76
receiver#org.cgnet.swara2.receiver.ConnectionChangeReceiver
ADDED from Swara-App\Swara-Appv2\AndroidManifest.xml:105:9-109:20
	android:name
		ADDED from Swara-App\Swara-Appv2\AndroidManifest.xml:105:19-84
intent-filter#action:name:android.net.conn.CONNECTIVITY_CHANGE
ADDED from Swara-App\Swara-Appv2\AndroidManifest.xml:106:13-108:29
action#android.net.conn.CONNECTIVITY_CHANGE
ADDED from Swara-App\Swara-Appv2\AndroidManifest.xml:107:17-79
	android:name
		ADDED from Swara-App\Swara-Appv2\AndroidManifest.xml:107:25-76
receiver#org.cgnet.swara2.receiver.ChooserReceiver
ADDED from Swara-App\Swara-Appv2\AndroidManifest.xml:111:9-116:20
	android:name
		ADDED from Swara-App\Swara-Appv2\AndroidManifest.xml:111:19-75
intent-filter#action:name:android.intent.action.CHOOSER+action:name:org.cgnet.swara.FILE_SELECTED
ADDED from Swara-App\Swara-Appv2\AndroidManifest.xml:112:13-115:29
action#android.intent.action.CHOOSER
ADDED from Swara-App\Swara-Appv2\AndroidManifest.xml:113:17-72
	android:name
		ADDED from Swara-App\Swara-Appv2\AndroidManifest.xml:113:25-69
action#org.cgnet.swara.FILE_SELECTED
ADDED from Swara-App\Swara-Appv2\AndroidManifest.xml:114:17-72
	android:name
		ADDED from Swara-App\Swara-Appv2\AndroidManifest.xml:114:25-69
receiver#org.cgnet.swara2.service.RefreshService$RefreshAlarmReceiver
ADDED from Swara-App\Swara-Appv2\AndroidManifest.xml:118:9-97
	android:name
		ADDED from Swara-App\Swara-Appv2\AndroidManifest.xml:118:19-94
activity#cgnet.swara.activity.MainActivity
ADDED from Swara-App\Swara-Appv2\AndroidManifest.xml:120:9-131:20
	android:screenOrientation
		ADDED from Swara-App\Swara-Appv2\AndroidManifest.xml:125:4-40
	android:label
		ADDED from Swara-App\Swara-Appv2\AndroidManifest.xml:126:13-45
	android:launchMode
		ADDED from Swara-App\Swara-Appv2\AndroidManifest.xml:122:13-44
	android:windowSoftInputMode
		ADDED from Swara-App\Swara-Appv2\AndroidManifest.xml:124:4-45
	android:configChanges
		ADDED from Swara-App\Swara-Appv2\AndroidManifest.xml:123:13-63
	android:name
		ADDED from Swara-App\Swara-Appv2\AndroidManifest.xml:121:13-61
intent-filter#action:name:android.intent.action.MAIN+category:name:android.intent.category.LAUNCHER
ADDED from Swara-App\Swara-Appv2\AndroidManifest.xml:127:13-130:29
action#android.intent.action.MAIN
ADDED from Swara-App\Swara-Appv2\AndroidManifest.xml:128:17-69
	android:name
		ADDED from Swara-App\Swara-Appv2\AndroidManifest.xml:128:25-66
category#android.intent.category.LAUNCHER
ADDED from Swara-App\Swara-Appv2\AndroidManifest.xml:129:17-77
	android:name
		ADDED from Swara-App\Swara-Appv2\AndroidManifest.xml:129:27-74
activity#cgnet.swara.activity.RecordAudio
ADDED from Swara-App\Swara-Appv2\AndroidManifest.xml:134:9-138:20
	android:screenOrientation
		ADDED from Swara-App\Swara-Appv2\AndroidManifest.xml:136:13-49
	android:label
		ADDED from Swara-App\Swara-Appv2\AndroidManifest.xml:137:13-64
	android:name
		ADDED from Swara-App\Swara-Appv2\AndroidManifest.xml:135:13-60
receiver#cgnet.swara.activity.Receiver
ADDED from Swara-App\Swara-Appv2\AndroidManifest.xml:140:6-144:14
	android:name
		ADDED from Swara-App\Swara-Appv2\AndroidManifest.xml:140:16-60
intent-filter#action:name:com.android.CUSTOM_INTENT
ADDED from Swara-App\Swara-Appv2\AndroidManifest.xml:141:7-143:23
action#com.android.CUSTOM_INTENT
ADDED from Swara-App\Swara-Appv2\AndroidManifest.xml:142:11-62
	android:name
		ADDED from Swara-App\Swara-Appv2\AndroidManifest.xml:142:19-59
meta-data#com.google.android.gms.version
ADDED from Swara-App\Swara-Appv2\AndroidManifest.xml:147:5-148:72
MERGED from [com.google.android.gms:play-services-basement:12.0.1] AndroidManifest.xml:23:9-25:69
MERGED from [com.google.android.gms:play-services-basement:12.0.1] AndroidManifest.xml:23:9-25:69
	android:value
		ADDED from Swara-App\Swara-Appv2\AndroidManifest.xml:148:16-69
	android:name
		ADDED from Swara-App\Swara-Appv2\AndroidManifest.xml:147:16-61
provider#android.support.v4.content.FileProvider
ADDED from Swara-App\Swara-Appv2\AndroidManifest.xml:150:9-158:20
	android:grantUriPermissions
		ADDED from Swara-App\Swara-Appv2\AndroidManifest.xml:154:13-47
	android:authorities
		ADDED from Swara-App\Swara-Appv2\AndroidManifest.xml:152:13-60
	android:exported
		ADDED from Swara-App\Swara-Appv2\AndroidManifest.xml:153:13-37
	android:name
		ADDED from Swara-App\Swara-Appv2\AndroidManifest.xml:151:13-67
meta-data#android.support.FILE_PROVIDER_PATHS
ADDED from Swara-App\Swara-Appv2\AndroidManifest.xml:155:13-157:54
	android:resource
		ADDED from Swara-App\Swara-Appv2\AndroidManifest.xml:157:17-51
	android:name
		ADDED from Swara-App\Swara-Appv2\AndroidManifest.xml:156:17-67
uses-sdk
INJECTED from Swara-App\Swara-Appv2\AndroidManifest.xml reason: use-sdk injection requested
INJECTED from Swara-App\Swara-Appv2\AndroidManifest.xml
INJECTED from Swara-App\Swara-Appv2\AndroidManifest.xml
MERGED from [com.google.android.gms:play-services-analytics:12.0.1] AndroidManifest.xml:20:5-44
MERGED from [com.google.android.gms:play-services-analytics:12.0.1] AndroidManifest.xml:20:5-44
MERGED from [com.google.android.gms:play-services-auth:12.0.1] AndroidManifest.xml:20:5-44
MERGED from [com.google.android.gms:play-services-auth:12.0.1] AndroidManifest.xml:20:5-44
MERGED from [com.android.support.constraint:constraint-layout:1.0.2] AndroidManifest.xml:5:5-7:41
MERGED from [com.android.support.constraint:constraint-layout:1.0.2] AndroidManifest.xml:5:5-7:41
MERGED from [com.android.support:design:26.1.0] AndroidManifest.xml:21:5-23:62
MERGED from [com.android.support:design:26.1.0] AndroidManifest.xml:21:5-23:62
MERGED from [com.android.support:appcompat-v7:26.1.0] AndroidManifest.xml:21:5-23:78
MERGED from [com.android.support:appcompat-v7:26.1.0] AndroidManifest.xml:21:5-23:78
MERGED from [ch.acra:acra:4.9.0] AndroidManifest.xml:37:5-42
MERGED from [ch.acra:acra:4.9.0] AndroidManifest.xml:37:5-42
MERGED from [com.google.android.gms:play-services-tagmanager-v4-impl:12.0.1] AndroidManifest.xml:20:5-44
MERGED from [com.google.android.gms:play-services-tagmanager-v4-impl:12.0.1] AndroidManifest.xml:20:5-44
MERGED from [com.google.android.gms:play-services-analytics-impl:12.0.1] AndroidManifest.xml:20:5-44
MERGED from [com.google.android.gms:play-services-analytics-impl:12.0.1] AndroidManifest.xml:20:5-44
MERGED from [com.google.android.gms:play-services-auth-api-phone:12.0.1] AndroidManifest.xml:5:5-44
MERGED from [com.google.android.gms:play-services-auth-api-phone:12.0.1] AndroidManifest.xml:5:5-44
MERGED from [com.google.android.gms:play-services-auth-base:12.0.1] AndroidManifest.xml:5:5-44
MERGED from [com.google.android.gms:play-services-auth-base:12.0.1] AndroidManifest.xml:5:5-44
MERGED from [com.google.android.gms:play-services-base:12.0.1] AndroidManifest.xml:20:5-44
MERGED from [com.google.android.gms:play-services-base:12.0.1] AndroidManifest.xml:20:5-44
MERGED from [com.google.android.gms:play-services-tasks:12.0.1] AndroidManifest.xml:5:5-44
MERGED from [com.google.android.gms:play-services-tasks:12.0.1] AndroidManifest.xml:5:5-44
MERGED from [com.google.android.gms:play-services-basement:12.0.1] AndroidManifest.xml:20:5-44
MERGED from [com.google.android.gms:play-services-basement:12.0.1] AndroidManifest.xml:20:5-44
MERGED from [com.android.support:transition:26.1.0] AndroidManifest.xml:20:5-44
MERGED from [com.android.support:transition:26.1.0] AndroidManifest.xml:20:5-44
MERGED from [com.android.support:support-v4:26.1.0] AndroidManifest.xml:21:5-23:54
MERGED from [com.android.support:support-v4:26.1.0] AndroidManifest.xml:21:5-23:54
MERGED from [com.android.support:recyclerview-v7:26.1.0] AndroidManifest.xml:20:5-44
MERGED from [com.android.support:recyclerview-v7:26.1.0] AndroidManifest.xml:20:5-44
MERGED from [com.android.support:animated-vector-drawable:26.1.0] AndroidManifest.xml:20:5-44
MERGED from [com.android.support:animated-vector-drawable:26.1.0] AndroidManifest.xml:20:5-44
MERGED from [com.android.support:support-fragment:26.1.0] AndroidManifest.xml:21:5-23:60
MERGED from [com.android.support:support-fragment:26.1.0] AndroidManifest.xml:21:5-23:60
MERGED from [com.android.support:support-core-ui:26.1.0] AndroidManifest.xml:21:5-23:58
MERGED from [com.android.support:support-core-ui:26.1.0] AndroidManifest.xml:21:5-23:58
MERGED from [com.android.support:support-vector-drawable:26.1.0] AndroidManifest.xml:20:5-44
MERGED from [com.android.support:support-vector-drawable:26.1.0] AndroidManifest.xml:20:5-44
MERGED from [com.android.support:support-media-compat:26.1.0] AndroidManifest.xml:21:5-23:63